2025-12-03 21:47:30.120 [main] INFO  com.mergedata.OperTests - Starting OperTests using Java 17.0.16 on mine with PID 4056 (started by Administrator in D:\JetBrains\Projects\IdeaProjects\workOfJava\mergedata)
2025-12-03 21:47:30.121 [main] INFO  com.mergedata.OperTests - The following 1 profile is active: "mine"
2025-12-03 21:47:30.127 [background-preinit] INFO  o.h.validator.internal.util.Version - HV000001: Hibernate Validator 6.2.5.Final
2025-12-03 21:47:31.965 [main] INFO  com.mergedata.OperTests - Started OperTests in 2.202 seconds (JVM running for 3.091)
2025-12-03 21:47:32.395 [main] INFO  com.mergedata.mapper.YQOperatorMapper - 调用存储过程 SP_QUERY_CASH_REG_OPER：无输入参数。
2025-12-03 21:47:33.253 [main] INFO  com.alibaba.druid.pool.DruidDataSource - {dataSource-1} inited
2025-12-03 21:47:33.947 [main] INFO  com.mergedata.dao.AbstractSPQueryMapper - 存储过程 SP_QUERY_CASH_REG_OPER 成功获取数据，共 45 条记录.
2025-12-03 21:47:33.947 [main] INFO  com.mergedata.dao.AbstractSPQueryMapper - SP_QUERY_CASH_REG_OPER存储过程 OUT 参数 [A_RETCODE]: 1, [A_ERRMSG]: 查询现金报表操作员相关记录成功
2025-12-03 21:47:33.948 [main] INFO  c.m.server.impl.YQOperatorServiceImpl - 成功获取 45 条记录。
2025-12-03 21:47:33.981 [SpringApplicationShutdownHook] INFO  com.alibaba.druid.pool.DruidDataSource - {dataSource-1} closing ...
2025-12-03 21:47:33.996 [SpringApplicationShutdownHook] INFO  com.alibaba.druid.pool.DruidDataSource - {dataSource-1} closed
2025-12-04 09:23:56.480 [main] INFO  com.mergedata.HisDataTests - Starting HisDataTests using Java 1.8.0_152 on mine with PID 34284 (started by 86156 in D:\JetBrains\IdeaProjects\workOfJava\mergedata)
2025-12-04 09:23:56.481 [main] INFO  com.mergedata.HisDataTests - The following 1 profile is active: "mine"
2025-12-04 09:23:56.488 [background-preinit] INFO  o.h.validator.internal.util.Version - HV000001: Hibernate Validator 6.2.5.Final
2025-12-04 09:23:58.358 [main] INFO  com.mergedata.HisDataTests - Started HisDataTests in 2.23 seconds (JVM running for 2.944)
2025-12-04 09:23:58.594 [main] INFO  o.s.b.t.c.SpringBootTestContextBootstrapper - Neither @ContextConfiguration nor @ContextHierarchy found for test class [com.mergedata.OperTests], using SpringBootContextLoader
2025-12-04 09:23:58.595 [main] INFO  o.s.t.c.support.AbstractContextLoader - Could not detect default resource locations for test class [com.mergedata.OperTests]: no resource found for suffixes {-context.xml, Context.groovy}.
2025-12-04 09:23:58.595 [main] INFO  o.s.t.c.s.AnnotationConfigContextLoaderUtils - Could not detect default configuration classes for test class [com.mergedata.OperTests]: OperTests does not declare any static, non-private, non-final, nested classes annotated with @Configuration.
2025-12-04 09:23:58.597 [main] INFO  o.s.b.t.c.SpringBootTestContextBootstrapper - Found @SpringBootConfiguration com.mergedata.MessageDataApplication for test class com.mergedata.OperTests
2025-12-04 09:23:58.598 [main] INFO  o.s.b.t.c.SpringBootTestContextBootstrapper - Loaded default TestExecutionListener class names from location [META-INF/spring.factories]: [org.springframework.boot.test.mock.mockito.MockitoTestExecutionListener, org.springframework.boot.test.mock.mockito.ResetMocksTestExecutionListener, org.springframework.boot.test.autoconfigure.restdocs.RestDocsTestExecutionListener, org.springframework.boot.test.autoconfigure.web.client.MockRestServiceServerResetTestExecutionListener, org.springframework.boot.test.autoconfigure.web.servlet.MockMvcPrintOnlyOnFailureTestExecutionListener, org.springframework.boot.test.autoconfigure.web.servlet.WebDriverTestExecutionListener, org.springframework.boot.test.autoconfigure.webservices.client.MockWebServiceServerTestExecutionListener, org.springframework.test.context.web.ServletTestExecutionListener, org.springframework.test.context.support.DirtiesContextBeforeModesTestExecutionListener, org.springframework.test.context.event.ApplicationEventsTestExecutionListener, org.springframework.test.context.support.DependencyInjectionTestExecutionListener, org.springframework.test.context.support.DirtiesContextTestExecutionListener, org.springframework.test.context.transaction.TransactionalTestExecutionListener, org.springframework.test.context.jdbc.SqlScriptsTestExecutionListener, org.springframework.test.context.event.EventPublishingTestExecutionListener]
2025-12-04 09:23:58.599 [main] INFO  o.s.b.t.c.SpringBootTestContextBootstrapper - Using TestExecutionListeners: [org.springframework.test.context.web.ServletTestExecutionListener@51f18e31, org.springframework.test.context.support.DirtiesContextBeforeModesTestExecutionListener@60ed12e8, org.springframework.test.context.event.ApplicationEventsTestExecutionListener@24c8d8be, org.springframework.boot.test.mock.mockito.MockitoTestExecutionListener@3290b1a6, org.springframework.boot.test.autoconfigure.SpringBootDependencyInjectionTestExecutionListener@6fcd31c3, org.springframework.test.context.support.DirtiesContextTestExecutionListener@67bf0480, org.springframework.test.context.transaction.TransactionalTestExecutionListener@5503de1, org.springframework.test.context.jdbc.SqlScriptsTestExecutionListener@32faa16c, org.springframework.test.context.event.EventPublishingTestExecutionListener@343fddd9, org.springframework.boot.test.mock.mockito.ResetMocksTestExecutionListener@2bbb44da, org.springframework.boot.test.autoconfigure.restdocs.RestDocsTestExecutionListener@2f80cb79, org.springframework.boot.test.autoconfigure.web.client.MockRestServiceServerResetTestExecutionListener@4816ee24, org.springframework.boot.test.autoconfigure.web.servlet.MockMvcPrintOnlyOnFailureTestExecutionListener@20d33ea, org.springframework.boot.test.autoconfigure.web.servlet.WebDriverTestExecutionListener@73613ae5, org.springframework.boot.test.autoconfigure.webservices.client.MockWebServiceServerTestExecutionListener@5a13fcf3]
2025-12-04 09:23:58.638 [SpringApplicationShutdownHook] INFO  com.alibaba.druid.pool.DruidDataSource - {dataSource-0} closing ...
