2025-12-07 22:16:21.367 [main] DEBUG com.mergedata.MessageDataApplication - Running with Spring Boot v2.7.18, Spring v5.3.31
2025-12-07 22:17:54.179 [http-nio-8081-exec-2] DEBUG c.m.mapper.OperatorMapper.selectAll - ==>  Preparing: SELECT operator_no, operator_name, department_id, isvalid, creator, create_time, updator, update_time, update_count FROM MPP_CASH_REG_OPERATOR WHERE isvalid = '1'
2025-12-07 22:17:54.275 [http-nio-8081-exec-2] DEBUG c.m.mapper.OperatorMapper.selectAll - ==> Parameters: 
2025-12-07 22:17:54.303 [http-nio-8081-exec-2] DEBUG c.m.mapper.OperatorMapper.selectAll - <==      Total: 45
2025-12-07 22:18:12.260 [http-nio-8081-exec-3] DEBUG c.m.mapper.OperatorMapper.selectAll - ==>  Preparing: SELECT operator_no, operator_name, department_id, isvalid, creator, create_time, updator, update_time, update_count FROM MPP_CASH_REG_OPERATOR WHERE isvalid = '1'
2025-12-07 22:18:12.260 [http-nio-8081-exec-3] DEBUG c.m.mapper.OperatorMapper.selectAll - ==> Parameters: 
2025-12-07 22:18:12.265 [http-nio-8081-exec-3] DEBUG c.m.mapper.OperatorMapper.selectAll - <==      Total: 45
2025-12-07 22:18:56.404 [http-nio-8081-exec-4] DEBUG c.m.mapper.OperatorMapper.selectAll - ==>  Preparing: SELECT operator_no, operator_name, department_id, isvalid, creator, create_time, updator, update_time, update_count FROM MPP_CASH_REG_OPERATOR WHERE isvalid = '1'
2025-12-07 22:18:56.405 [http-nio-8081-exec-4] DEBUG c.m.mapper.OperatorMapper.selectAll - ==> Parameters: 
2025-12-07 22:18:56.409 [http-nio-8081-exec-4] DEBUG c.m.mapper.OperatorMapper.selectAll - <==      Total: 45
2025-12-07 22:20:02.198 [http-nio-8081-exec-7] DEBUG c.m.mapper.OperatorMapper.selectAll - ==>  Preparing: SELECT operator_no, operator_name, department_id, isvalid, creator, create_time, updator, update_time, update_count FROM MPP_CASH_REG_OPERATOR WHERE isvalid = '1'
2025-12-07 22:20:02.198 [http-nio-8081-exec-7] DEBUG c.m.mapper.OperatorMapper.selectAll - ==> Parameters: 
2025-12-07 22:20:02.202 [http-nio-8081-exec-7] DEBUG c.m.mapper.OperatorMapper.selectAll - <==      Total: 45
2025-12-07 22:20:03.303 [http-nio-8081-exec-8] DEBUG c.m.mapper.OperatorMapper.selectAll - ==>  Preparing: SELECT operator_no, operator_name, department_id, isvalid, creator, create_time, updator, update_time, update_count FROM MPP_CASH_REG_OPERATOR WHERE isvalid = '1'
2025-12-07 22:20:03.303 [http-nio-8081-exec-8] DEBUG c.m.mapper.OperatorMapper.selectAll - ==> Parameters: 
2025-12-07 22:20:03.307 [http-nio-8081-exec-8] DEBUG c.m.mapper.OperatorMapper.selectAll - <==      Total: 45
2025-12-07 22:25:30.967 [main] DEBUG com.mergedata.MessageDataApplication - Running with Spring Boot v2.7.18, Spring v5.3.31
2025-12-07 22:25:38.302 [http-nio-8081-exec-1] DEBUG c.m.mapper.OperatorMapper.selectByID - ==>  Preparing: SELECT operator_no, operator_name, department_id, isvalid, creator, create_time, updator, update_time, update_count FROM MPP_CASH_REG_OPERATOR WHERE operator_no = ? AND isvalid = '1'
2025-12-07 22:30:29.113 [main] DEBUG com.mergedata.MessageDataApplication - Running with Spring Boot v2.7.18, Spring v5.3.31
2025-12-07 22:32:35.625 [main] DEBUG com.mergedata.MessageDataApplication - Running with Spring Boot v2.7.18, Spring v5.3.31
2025-12-07 22:32:41.084 [http-nio-8081-exec-1] DEBUG c.m.mapper.OperatorMapper.selectAll - ==>  Preparing: SELECT operator_no, operator_name, department_id, isvalid, creator, create_time, updator, update_time, update_count FROM MPP_CASH_REG_OPERATOR WHERE isvalid = '1'
2025-12-07 22:32:41.176 [http-nio-8081-exec-1] DEBUG c.m.mapper.OperatorMapper.selectAll - ==> Parameters: 
2025-12-07 22:32:41.201 [http-nio-8081-exec-1] DEBUG c.m.mapper.OperatorMapper.selectAll - <==      Total: 45
2025-12-07 22:33:04.270 [http-nio-8081-exec-3] DEBUG c.m.mapper.OperatorMapper.selectAll - ==>  Preparing: SELECT operator_no, operator_name, department_id, isvalid, creator, create_time, updator, update_time, update_count FROM MPP_CASH_REG_OPERATOR WHERE isvalid = '1'
2025-12-07 22:33:04.271 [http-nio-8081-exec-3] DEBUG c.m.mapper.OperatorMapper.selectAll - ==> Parameters: 
2025-12-07 22:33:04.275 [http-nio-8081-exec-3] DEBUG c.m.mapper.OperatorMapper.selectAll - <==      Total: 45
2025-12-07 22:33:26.127 [http-nio-8081-exec-4] DEBUG c.m.mapper.OperatorMapper.selectByID - ==>  Preparing: SELECT operator_no, operator_name, department_id, isvalid, creator, create_time, updator, update_time, update_count FROM MPP_CASH_REG_OPERATOR WHERE operator_no = ? AND isvalid = '1'
2025-12-07 22:36:28.180 [http-nio-8081-exec-6] DEBUG c.m.mapper.OperatorMapper.selectByID - ==>  Preparing: SELECT operator_no, operator_name, department_id, isvalid, creator, create_time, updator, update_time, update_count FROM MPP_CASH_REG_OPERATOR WHERE operator_no = ? AND isvalid = '1'
2025-12-07 22:39:39.814 [main] DEBUG com.mergedata.MessageDataApplication - Running with Spring Boot v2.7.18, Spring v5.3.31
2025-12-07 22:39:47.892 [http-nio-8081-exec-2] DEBUG c.m.mapper.OperatorMapper.selectByID - ==>  Preparing: SELECT operator_no, operator_name, department_id, isvalid, creator, create_time, updator, update_time, update_count FROM MPP_CASH_REG_OPERATOR WHERE operator_no = ? AND isvalid = '1'
2025-12-07 22:43:59.295 [main] DEBUG com.mergedata.MessageDataApplication - Running with Spring Boot v2.7.18, Spring v5.3.31
2025-12-07 22:47:18.615 [main] DEBUG com.mergedata.MessageDataApplication - Running with Spring Boot v2.7.18, Spring v5.3.31
2025-12-07 22:48:42.923 [http-nio-8081-exec-4] DEBUG c.mergedata.mapper.OperatorMapper.insert - ==>  Preparing: INSERT INTO MPP_CASH_REG_OPERATOR (isvalid, operator_no, operator_name, department_id, creator, updator, update_time ) VALUES (?, ?, ?, ?, ?, ?, ? )
2025-12-07 22:49:26.994 [http-nio-8081-exec-6] DEBUG c.mergedata.mapper.OperatorMapper.insert - ==>  Preparing: INSERT INTO MPP_CASH_REG_OPERATOR (isvalid, operator_no, operator_name, department_id, creator, updator, update_time ) VALUES (?, ?, ?, ?, ?, ?, ? )
2025-12-07 22:56:56.423 [main] DEBUG com.mergedata.MessageDataApplication - Running with Spring Boot v2.7.18, Spring v5.3.31
2025-12-07 22:57:02.388 [http-nio-8081-exec-2] DEBUG c.mergedata.mapper.OperatorMapper.insert - ==>  Preparing: INSERT INTO MPP_CASH_REG_OPERATOR (isvalid, operator_no, operator_name, department_id, creator, updator, update_time ) VALUES (?, ?, ?, ?, ?, ?, ? )
2025-12-07 23:00:27.521 [main] DEBUG com.mergedata.MessageDataApplication - Running with Spring Boot v2.7.18, Spring v5.3.31
2025-12-07 23:00:31.146 [http-nio-8081-exec-2] DEBUG c.mergedata.mapper.OperatorMapper.insert - ==>  Preparing: INSERT INTO MPP_CASH_REG_OPERATOR (isvalid, operator_no, operator_name, department_id, creator, updator, update_time ) VALUES (?, ?, ?, ?, ?, ?, ? )
2025-12-07 23:00:31.218 [http-nio-8081-exec-2] DEBUG c.mergedata.mapper.OperatorMapper.insert - ==> Parameters: null, 1844(String), 张婷婷(String), null, null, null, null
2025-12-07 23:05:00.187 [main] DEBUG com.mergedata.MessageDataApplication - Running with Spring Boot v2.7.18, Spring v5.3.31
2025-12-07 23:05:04.137 [http-nio-8081-exec-1] DEBUG c.mergedata.mapper.OperatorMapper.insert - ==>  Preparing: INSERT INTO MPP_CASH_REG_OPERATOR (isvalid, operator_no, operator_name, department_id, creator, updator, update_time ) VALUES (?, ?, ?, ?, ?, ?, ? )
2025-12-07 23:05:04.212 [http-nio-8081-exec-1] DEBUG c.mergedata.mapper.OperatorMapper.insert - ==> Parameters: null, 1844(String), 张婷婷(String), null, null, null, null
2025-12-07 23:05:30.678 [main] DEBUG com.mergedata.MessageDataApplication - Running with Spring Boot v2.7.18, Spring v5.3.31
2025-12-07 23:05:35.556 [http-nio-8081-exec-2] DEBUG c.mergedata.mapper.OperatorMapper.insert - ==>  Preparing: INSERT INTO MPP_CASH_REG_OPERATOR ( operator_no, operator_name, department_id, creator, updator, update_time ) VALUES ( ?, ?, ?, ?, ?, ? )
2025-12-07 23:05:35.629 [http-nio-8081-exec-2] DEBUG c.mergedata.mapper.OperatorMapper.insert - ==> Parameters: 1844(String), 张婷婷(String), null, null, null, null
